<?xml version="1.0" encoding="UTF-8"?>
<testsuite xmlns:xsi="http://www.w3.org/2001/XMLSchema-instance" xsi:noNamespaceSchemaLocation="https://maven.apache.org/surefire/maven-surefire-plugin/xsd/surefire-test-report.xsd" version="3.0.2" name="com.lab.CarRentalDBManagerTest" time="0.091" tests="1" errors="0" skipped="0" failures="0">
  <properties>
[...]
</properties>
  <testcase name="schemaOperationsIssueExpectedSql" classname="com.lab.CarRentalDBManagerTest" time="0.037">
    <system-out><![CDATA[Database 'CarRentalDB' created successfully (if it didn’t exist).
Table 'cars' created successfully.
Table 'customers' created successfully.
]]></system-out>
  </testcase>
</testsuite>